Determining if the pthread_create exist failed with the following output:
Change Dir: /home/nowcoder/FileServer/FileServer/build/CMakeFiles/CMakeTmp

Run Build Command:"/usr/bin/make" "cmTC_1659c/fast"
/usr/bin/make -f CMakeFiles/cmTC_1659c.dir/build.make CMakeFiles/cmTC_1659c.dir/build
make[1]: 进入目录“/home/nowcoder/FileServer/FileServer/build/CMakeFiles/CMakeTmp”
Building C object CMakeFiles/cmTC_1659c.dir/CheckSymbolExists.c.o
/usr/bin/cc    -o CMakeFiles/cmTC_1659c.dir/CheckSymbolExists.c.o   -c /home/nowcoder/FileServer/FileServer/build/CMakeFiles/CMakeTmp/CheckSymbolExists.c
Linking C executable cmTC_1659c
/usr/bin/cmake -E cmake_link_script CMakeFiles/cmTC_1659c.dir/link.txt --verbose=1
/usr/bin/cc      CMakeFiles/cmTC_1659c.dir/CheckSymbolExists.c.o  -o cmTC_1659c 
CMakeFiles/cmTC_1659c.dir/CheckSymbolExists.c.o：在函数‘main’中：
CheckSymbolExists.c:(.text+0x1b)：对‘pthread_create’未定义的引用
collect2: error: ld returned 1 exit status
CMakeFiles/cmTC_1659c.dir/build.make:97: recipe for target 'cmTC_1659c' failed
make[1]: *** [cmTC_1659c] Error 1
make[1]: 离开目录“/home/nowcoder/FileServer/FileServer/build/CMakeFiles/CMakeTmp”
Makefile:126: recipe for target 'cmTC_1659c/fast' failed
make: *** [cmTC_1659c/fast] Error 2

File /home/nowcoder/FileServer/FileServer/build/CMakeFiles/CMakeTmp/CheckSymbolExists.c:
/* */
#include <pthread.h>

int main(int argc, char** argv)
{
  (void)argv;
#ifndef pthread_create
  return ((int*)(&pthread_create))[argc];
#else
  (void)argc;
  return 0;
#endif
}

Determining if the function pthread_create exists in the pthreads failed with the following output:
Change Dir: /home/nowcoder/FileServer/FileServer/build/CMakeFiles/CMakeTmp

Run Build Command:"/usr/bin/make" "cmTC_f4bee/fast"
/usr/bin/make -f CMakeFiles/cmTC_f4bee.dir/build.make CMakeFiles/cmTC_f4bee.dir/build
make[1]: 进入目录“/home/nowcoder/FileServer/FileServer/build/CMakeFiles/CMakeTmp”
Building C object CMakeFiles/cmTC_f4bee.dir/CheckFunctionExists.c.o
/usr/bin/cc   -DCHECK_FUNCTION_EXISTS=pthread_create   -o CMakeFiles/cmTC_f4bee.dir/CheckFunctionExists.c.o   -c /usr/share/cmake-3.10/Modules/CheckFunctionExists.c
Linking C executable cmTC_f4bee
/usr/bin/cmake -E cmake_link_script CMakeFiles/cmTC_f4bee.dir/link.txt --verbose=1
/usr/bin/cc  -DCHECK_FUNCTION_EXISTS=pthread_create    CMakeFiles/cmTC_f4bee.dir/CheckFunctionExists.c.o  -o cmTC_f4bee -lpthreads 
/usr/bin/ld: 找不到 -lpthreads
collect2: error: ld returned 1 exit status
CMakeFiles/cmTC_f4bee.dir/build.make:97: recipe for target 'cmTC_f4bee' failed
make[1]: *** [cmTC_f4bee] Error 1
make[1]: 离开目录“/home/nowcoder/FileServer/FileServer/build/CMakeFiles/CMakeTmp”
Makefile:126: recipe for target 'cmTC_f4bee/fast' failed
make: *** [cmTC_f4bee/fast] Error 2


